{
  "stats": {
    "suites": 1,
    "tests": 1,
    "passes": 1,
    "pending": 0,
    "failures": 0,
    "start": "2021-06-07T14:53:20.047Z",
    "end": "2021-06-07T14:53:36.540Z",
    "duration": 16493,
    "testsRegistered": 1,
    "passPercent": 100,
    "pendingPercent": 0,
    "other": 0,
    "hasOther": false,
    "skipped": 0,
    "hasSkipped": false
  },
  "results": [
    {
      "uuid": "b784de0f-0a7c-4dbd-ae5c-3deba25593ec",
      "title": "",
      "fullFile": "src/integration/DotTemplates/index2.spec.ts",
      "file": "src/integration/DotTemplates/index2.spec.ts",
      "beforeHooks": [],
      "afterHooks": [],
      "tests": [],
      "suites": [
        {
          "uuid": "32b7e649-d68b-4604-93e7-d85bcc57b3f9",
          "title": "Test",
          "fullFile": "",
          "file": "",
          "beforeHooks": [],
          "afterHooks": [],
          "tests": [
            {
              "title": "lgin page",
              "fullTitle": "Test lgin page",
              "timedOut": null,
              "duration": 16451,
              "state": "passed",
              "speed": "slow",
              "pass": true,
              "fail": false,
              "pending": false,
              "context": null,
              "code": "cy.visit('/dotAdmin');\ncy.wait(10000);\nshared_Form.fill('#inputtext', 'cypress Admin');\ncy.wait(5000);\nshared_Form.fill('input[type=\"password\"]', 'cypressPassw');",
              "err": {},
              "uuid": "9debeebb-1e68-4132-8d82-20b06ba604e6",
              "parentUUID": "32b7e649-d68b-4604-93e7-d85bcc57b3f9",
              "isHook": false,
              "skipped": false
            }
          ],
          "suites": [],
          "passes": [
            "9debeebb-1e68-4132-8d82-20b06ba604e6"
          ],
          "failures": [],
          "pending": [],
          "skipped": [],
          "duration": 16451,
          "root": false,
          "rootEmpty": false,
          "_timeout": 2000
        }
      ],
      "passes": [],
      "failures": [],
      "pending": [],
      "skipped": [],
      "duration": 0,
      "root": true,
      "rootEmpty": true,
      "_timeout": 2000
    }
  ],
  "meta": {
    "mocha": {
      "version": "7.0.1"
    },
    "mochawesome": {
      "options": {
        "quiet": false,
        "reportFilename": "mochawesome",
        "saveHtml": false,
        "saveJson": true,
        "consoleReporter": "spec",
        "useInlineDiffs": false,
        "code": true
      },
      "version": "6.2.2"
    },
    "marge": {
      "options": {
        "reportDir": "../../dist/cypress/apps/dotcms-ui-e2e/reports/results",
        "html": false,
        "json": true,
        "overwrite": false
      },
      "version": "5.2.0"
    }
  }
}