{
  "stats": {
    "suites": 1,
    "tests": 1,
    "passes": 0,
    "pending": 0,
    "failures": 1,
    "start": "2021-06-04T20:47:37.481Z",
    "end": "2021-06-04T20:47:37.680Z",
    "duration": 199,
    "testsRegistered": 1,
    "passPercent": 0,
    "pendingPercent": 0,
    "other": 0,
    "hasOther": false,
    "skipped": 0,
    "hasSkipped": false
  },
  "results": [
    {
      "uuid": "feb15874-5f08-448b-97d5-0780c2c3b7fc",
      "title": "",
      "fullFile": "src/integration/test/index2.spec.ts",
      "file": "src/integration/test/index2.spec.ts",
      "beforeHooks": [],
      "afterHooks": [],
      "tests": [],
      "suites": [
        {
          "uuid": "0e190adf-6acf-4627-9604-75b433843e6f",
          "title": "My First Test",
          "fullFile": "",
          "file": "",
          "beforeHooks": [],
          "afterHooks": [],
          "tests": [
            {
              "title": "Does not do much!",
              "fullTitle": "My First Test Does not do much!",
              "timedOut": null,
              "duration": 175,
              "state": "failed",
              "speed": null,
              "pass": false,
              "fail": true,
              "pending": false,
              "context": "[\n  \"../screenshots/test/index2.spec.ts/My First Test -- Does not do much! (failed).png\",\n  \"../videos/test/index2.spec.ts.mp4\"\n]",
              "code": "expect(true).to.equal(false);",
              "err": {
                "message": "AssertionError: expected true to equal false",
                "estack": "AssertionError: expected true to equal false\n    at Context.eval (http://dotcms-app:8080/__cypress/tests?p=src/integration/test/index2.spec.ts:100:25)",
                "diff": null
              },
              "uuid": "fdd6bd73-aa39-40bd-993a-9148c39e7731",
              "parentUUID": "0e190adf-6acf-4627-9604-75b433843e6f",
              "isHook": false,
              "skipped": false
            }
          ],
          "suites": [],
          "passes": [],
          "failures": [
            "fdd6bd73-aa39-40bd-993a-9148c39e7731"
          ],
          "pending": [],
          "skipped": [],
          "duration": 175,
          "root": false,
          "rootEmpty": false,
          "_timeout": 2000
        }
      ],
      "passes": [],
      "failures": [],
      "pending": [],
      "skipped": [],
      "duration": 0,
      "root": true,
      "rootEmpty": true,
      "_timeout": 2000
    }
  ],
  "meta": {
    "mocha": {
      "version": "7.0.1"
    },
    "mochawesome": {
      "options": {
        "quiet": false,
        "reportFilename": "mochawesome",
        "saveHtml": false,
        "saveJson": true,
        "consoleReporter": "spec",
        "useInlineDiffs": false,
        "code": true
      },
      "version": "6.2.2"
    },
    "marge": {
      "options": {
        "reportDir": "../../dist/cypress/apps/dotcms-ui-e2e/reports/results",
        "html": false,
        "json": true,
        "overwrite": false
      },
      "version": "5.2.0"
    }
  }
}