{
  "stats": {
    "suites": 4,
    "tests": 4,
    "passes": 2,
    "pending": 0,
    "failures": 2,
    "start": "2021-06-04T23:15:50.475Z",
    "end": "2021-06-04T23:17:43.866Z",
    "duration": 77995,
    "testsRegistered": 4,
    "passPercent": 50,
    "pendingPercent": 0,
    "other": 0,
    "hasOther": false,
    "skipped": 0,
    "hasSkipped": false
  },
  "results": [
    {
      "uuid": "e015b840-1546-448c-9f6b-8fc46397485e",
      "title": "",
      "fullFile": "src/integration/DotTemplates/index.spec.ts",
      "file": "src/integration/DotTemplates/index.spec.ts",
      "beforeHooks": [],
      "afterHooks": [],
      "tests": [],
      "suites": [
        {
          "uuid": "aa3bb720-21a1-41f4-864b-13f678b02286",
          "title": "Templates",
          "fullFile": "",
          "file": "",
          "beforeHooks": [],
          "afterHooks": [],
          "tests": [
            {
              "title": "Create Template and create Page with content using previous template",
              "fullTitle": "Templates Create Template and create Page with content using previous template",
              "timedOut": null,
              "duration": 60956,
              "state": "failed",
              "speed": null,
              "pass": false,
              "fail": true,
              "pending": false,
              "context": "[\n  \"../screenshots/DotTemplates/index.spec.ts/Templates -- Create Template and create Page with content using previous template (failed).png\",\n  \"../videos/DotTemplates/index.spec.ts.mp4\"\n]",
              "code": "// Load Page\npages_DotTemplates_DotTemplates.openPage();\npages_DotTemplates_DotTemplates.checkTemplatesPageLoaded();\n// Create Template\npages_DotTemplates_DotTemplates.openCreateTemplateDialog();\npages_DotTemplates_DotTemplates.fillCreateTemplateForm({ title: 'CypressTemplate', theme: 'default' });\npages_DotTemplates_DotTemplates.submitCreateTemplateForm();\n// Edit Template\npages_DotTemplates_DotTemplates.checkEditTemplatesPageLoaded();\npages_DotTemplates_DotTemplates.addContainer({ type: 'Default - default' });\npages_DotTemplates_DotTemplates.saveEditTemplate();\n// Site Browser\ncy.log('Opening DotSiteBrowser');\npages_DotSiteBrowser_DotSiteBrowser.openPage();\npages_DotSiteBrowser_DotSiteBrowser.checkSiteBrowserPageLoaded();\npages_DotSiteBrowser_DotSiteBrowser.openCreatePageDialog({ type: 'Page' });\npages_DotSiteBrowser_DotSiteBrowser.fillCreatePageForm({\n    title: PAGE_NAME,\n    template: 'CypressTemplatedefault'\n});\npages_DotSiteBrowser_DotSiteBrowser.submitCreatePageForm({ action: 'Save' });\nDotSiteBrowser_DotEditPage.goToMode({ type: 'Edit' });\nDotSiteBrowser_DotEditPage.openAddToContainerDialog({ type: 'Content' });\nDotSiteBrowser_DotEditPage.addElementToContainer({ elementIndex: 0 });\nDotSiteBrowser_DotEditPage.checkToastMessage({ message: 'All changes Saved' });\nDotSiteBrowser_DotEditPage.goToMode({ type: 'Preview' });\nDotSiteBrowser_DotEditPage.checkContainerMustHaveElements({ container: '#section-1', size: 1 });",
              "err": {
                "message": "AssertionError: Timed out retrying after 10000ms: Expected to find element: `#p-tabpanel-0-label .p-tabview-title`, but never found it.",
                "estack": "AssertionError: Timed out retrying after 10000ms: Expected to find element: `#p-tabpanel-0-label .p-tabview-title`, but never found it.\n    at Function.assertElementContainsText (http://dotcms-app:8080/__cypress/tests?p=src/integration/DotTemplates/index.spec.ts:378:19)\n    at Function.checkEditTemplatesPageLoaded (http://dotcms-app:8080/__cypress/tests?p=src/integration/DotTemplates/index.spec.ts:563:21)\n    at Context.eval (http://dotcms-app:8080/__cypress/tests?p=src/integration/DotTemplates/index.spec.ts:628:41)",
                "diff": null
              },
              "uuid": "9d572537-c3f4-4c3b-a5ee-421defd37067",
              "parentUUID": "aa3bb720-21a1-41f4-864b-13f678b02286",
              "isHook": false,
              "skipped": false
            }
          ],
          "suites": [],
          "passes": [],
          "failures": [
            "9d572537-c3f4-4c3b-a5ee-421defd37067"
          ],
          "pending": [],
          "skipped": [],
          "duration": 60956,
          "root": false,
          "rootEmpty": false,
          "_timeout": 2000
        }
      ],
      "passes": [],
      "failures": [],
      "pending": [],
      "skipped": [],
      "duration": 0,
      "root": true,
      "rootEmpty": true,
      "_timeout": 2000
    },
    {
      "uuid": "79325c97-c7a4-4bea-9921-ba34ca4ec1b7",
      "title": "",
      "fullFile": "src/integration/DotTemplates/index2.spec.ts",
      "file": "src/integration/DotTemplates/index2.spec.ts",
      "beforeHooks": [],
      "afterHooks": [],
      "tests": [],
      "suites": [
        {
          "uuid": "ee1868c8-e4d5-4ff7-b26c-ba4cfdba0eea",
          "title": "Test",
          "fullFile": "",
          "file": "",
          "beforeHooks": [],
          "afterHooks": [],
          "tests": [
            {
              "title": "lgin page",
              "fullTitle": "Test lgin page",
              "timedOut": null,
              "duration": 16733,
              "state": "passed",
              "speed": "slow",
              "pass": true,
              "fail": false,
              "pending": false,
              "context": null,
              "code": "cy.visit('/dotAdmin');\ncy.wait(10000);\nshared_Form.fill('#inputtext', 'cypress Admin');\ncy.wait(5000);\nshared_Form.fill('input[type=\"password\"]', 'cypressPassw');",
              "err": {},
              "uuid": "b31cf94c-7083-464c-bab5-be83d9aad5be",
              "parentUUID": "ee1868c8-e4d5-4ff7-b26c-ba4cfdba0eea",
              "isHook": false,
              "skipped": false
            }
          ],
          "suites": [],
          "passes": [
            "b31cf94c-7083-464c-bab5-be83d9aad5be"
          ],
          "failures": [],
          "pending": [],
          "skipped": [],
          "duration": 16733,
          "root": false,
          "rootEmpty": false,
          "_timeout": 2000
        }
      ],
      "passes": [],
      "failures": [],
      "pending": [],
      "skipped": [],
      "duration": 0,
      "root": true,
      "rootEmpty": true,
      "_timeout": 2000
    },
    {
      "uuid": "42b05f3c-57e4-43e6-b3cf-ceec59b839c7",
      "title": "",
      "fullFile": "src/integration/test/index.spec.ts",
      "file": "src/integration/test/index.spec.ts",
      "beforeHooks": [],
      "afterHooks": [],
      "tests": [],
      "suites": [
        {
          "uuid": "0160de7b-7dfe-444b-953b-8fa5fafa32fe",
          "title": "My First Test",
          "fullFile": "",
          "file": "",
          "beforeHooks": [],
          "afterHooks": [],
          "tests": [
            {
              "title": "Does not do much!",
              "fullTitle": "My First Test Does not do much!",
              "timedOut": null,
              "duration": 50,
              "state": "passed",
              "speed": "medium",
              "pass": true,
              "fail": false,
              "pending": false,
              "context": null,
              "code": "expect(true).to.equal(true);",
              "err": {},
              "uuid": "bfccee90-02c2-47c7-bbe9-ed15f4e8ef58",
              "parentUUID": "0160de7b-7dfe-444b-953b-8fa5fafa32fe",
              "isHook": false,
              "skipped": false
            }
          ],
          "suites": [],
          "passes": [
            "bfccee90-02c2-47c7-bbe9-ed15f4e8ef58"
          ],
          "failures": [],
          "pending": [],
          "skipped": [],
          "duration": 50,
          "root": false,
          "rootEmpty": false,
          "_timeout": 2000
        }
      ],
      "passes": [],
      "failures": [],
      "pending": [],
      "skipped": [],
      "duration": 0,
      "root": true,
      "rootEmpty": true,
      "_timeout": 2000
    },
    {
      "uuid": "2d865226-0f27-449e-8389-2833155dd5af",
      "title": "",
      "fullFile": "src/integration/test/index2.spec.ts",
      "file": "src/integration/test/index2.spec.ts",
      "beforeHooks": [],
      "afterHooks": [],
      "tests": [],
      "suites": [
        {
          "uuid": "be5aed6f-8b8d-4053-9b7b-47801555be54",
          "title": "My First Test",
          "fullFile": "",
          "file": "",
          "beforeHooks": [],
          "afterHooks": [],
          "tests": [
            {
              "title": "Does not do much!",
              "fullTitle": "My First Test Does not do much!",
              "timedOut": null,
              "duration": 256,
              "state": "failed",
              "speed": null,
              "pass": false,
              "fail": true,
              "pending": false,
              "context": "[\n  \"../screenshots/test/index2.spec.ts/My First Test -- Does not do much! (failed).png\",\n  \"../videos/test/index2.spec.ts.mp4\"\n]",
              "code": "expect(true).to.equal(false);",
              "err": {
                "message": "AssertionError: expected true to equal false",
                "estack": "AssertionError: expected true to equal false\n    at Context.eval (http://dotcms-app:8080/__cypress/tests?p=src/integration/test/index2.spec.ts:100:25)",
                "diff": null
              },
              "uuid": "196ffe0f-d327-4301-9de0-d57de9ebabff",
              "parentUUID": "be5aed6f-8b8d-4053-9b7b-47801555be54",
              "isHook": false,
              "skipped": false
            }
          ],
          "suites": [],
          "passes": [],
          "failures": [
            "196ffe0f-d327-4301-9de0-d57de9ebabff"
          ],
          "pending": [],
          "skipped": [],
          "duration": 256,
          "root": false,
          "rootEmpty": false,
          "_timeout": 2000
        }
      ],
      "passes": [],
      "failures": [],
      "pending": [],
      "skipped": [],
      "duration": 0,
      "root": true,
      "rootEmpty": true,
      "_timeout": 2000
    }
  ],
  "meta": {
    "mocha": {
      "version": "7.0.1"
    },
    "mochawesome": {
      "options": {
        "quiet": false,
        "reportFilename": "mochawesome",
        "saveHtml": false,
        "saveJson": true,
        "consoleReporter": "spec",
        "useInlineDiffs": false,
        "code": true
      },
      "version": "6.2.2"
    },
    "marge": {
      "options": {
        "reportDir": "../../dist/cypress/apps/dotcms-ui-e2e/reports/results",
        "html": false,
        "json": true,
        "overwrite": false
      },
      "version": "5.2.0"
    }
  }
}