{
  "stats": {
    "suites": 1,
    "tests": 1,
    "passes": 0,
    "pending": 0,
    "failures": 1,
    "start": "2021-06-04T20:46:58.457Z",
    "end": "2021-06-04T20:47:21.498Z",
    "duration": 23041,
    "testsRegistered": 1,
    "passPercent": 0,
    "pendingPercent": 0,
    "other": 0,
    "hasOther": false,
    "skipped": 0,
    "hasSkipped": false
  },
  "results": [
    {
      "uuid": "b631e976-e1d6-4b68-85ec-282164564420",
      "title": "",
      "fullFile": "src/integration/DotTemplates/index.spec.ts",
      "file": "src/integration/DotTemplates/index.spec.ts",
      "beforeHooks": [],
      "afterHooks": [],
      "tests": [],
      "suites": [
        {
          "uuid": "b61ba886-03c7-4e0e-9c8f-b4ad33864adf",
          "title": "Templates",
          "fullFile": "",
          "file": "",
          "beforeHooks": [],
          "afterHooks": [],
          "tests": [
            {
              "title": "Create Template and create Page with content using previous template",
              "fullTitle": "Templates Create Template and create Page with content using previous template",
              "timedOut": null,
              "duration": 23026,
              "state": "failed",
              "speed": null,
              "pass": false,
              "fail": true,
              "pending": false,
              "context": "[\n  \"../screenshots/DotTemplates/index.spec.ts/Templates -- Create Template and create Page with content using previous template (failed).png\",\n  \"../videos/DotTemplates/index.spec.ts.mp4\"\n]",
              "code": "// Load Page\npages_DotTemplates_DotTemplates.openPage();\npages_DotTemplates_DotTemplates.checkTemplatesPageLoaded();\n// Create Template\npages_DotTemplates_DotTemplates.openCreateTemplateDialog();\npages_DotTemplates_DotTemplates.fillCreateTemplateForm({ title: 'CypressTemplate', theme: 'default' });\npages_DotTemplates_DotTemplates.submitCreateTemplateForm();\n// Edit Template\npages_DotTemplates_DotTemplates.checkEditTemplatesPageLoaded();\npages_DotTemplates_DotTemplates.addContainer({ type: 'Default - default' });\npages_DotTemplates_DotTemplates.saveEditTemplate();\n// Site Browser\ncy.log('Opening DotSiteBrowser');\npages_DotSiteBrowser_DotSiteBrowser.openPage();\npages_DotSiteBrowser_DotSiteBrowser.checkSiteBrowserPageLoaded();\npages_DotSiteBrowser_DotSiteBrowser.openCreatePageDialog({ type: 'Page' });\npages_DotSiteBrowser_DotSiteBrowser.fillCreatePageForm({\n    title: PAGE_NAME,\n    template: 'CypressTemplatedefault'\n});\npages_DotSiteBrowser_DotSiteBrowser.submitCreatePageForm({ action: 'Save' });\nDotSiteBrowser_DotEditPage.goToMode({ type: 'Edit' });\nDotSiteBrowser_DotEditPage.openAddToContainerDialog({ type: 'Content' });\nDotSiteBrowser_DotEditPage.addElementToContainer({ elementIndex: 0 });\nDotSiteBrowser_DotEditPage.checkToastMessage({ message: 'All changes Saved' });\nDotSiteBrowser_DotEditPage.goToMode({ type: 'Preview' });\nDotSiteBrowser_DotEditPage.checkContainerMustHaveElements({ container: '#section-1', size: 1 });",
              "err": {
                "message": "CypressError: Timed out retrying after 5000ms: `cy.wait()` timed out waiting `5000ms` for the 1st request to the route: `templates`. No request ever occurred.\n\nhttps://on.cypress.io/wait",
                "estack": "CypressError: Timed out retrying after 5000ms: `cy.wait()` timed out waiting `5000ms` for the 1st request to the route: `templates`. No request ever occurred.\n\nhttps://on.cypress.io/wait\n    at cypressErr (http://dotcms-app:8080/__cypress/runner/cypress_runner.js:174135:18)\n    at Object.errByPath (http://dotcms-app:8080/__cypress/runner/cypress_runner.js:174186:10)\n    at checkForXhr (http://dotcms-app:8080/__cypress/runner/cypress_runner.js:161229:33)\n    at http://dotcms-app:8080/__cypress/runner/cypress_runner.js:161252:28\n    at tryCatcher (http://dotcms-app:8080/__cypress/runner/cypress_runner.js:10765:23)\n    at Function.Promise.attempt.Promise.try (http://dotcms-app:8080/__cypress/runner/cypress_runner.js:8039:29)\n    at tryFn (http://dotcms-app:8080/__cypress/runner/cypress_runner.js:167007:21)\n    at whenStable (http://dotcms-app:8080/__cypress/runner/cypress_runner.js:167045:12)\n    at http://dotcms-app:8080/__cypress/runner/cypress_runner.js:166540:16\n    at tryCatcher (http://dotcms-app:8080/__cypress/runner/cypress_runner.js:10765:23)\n    at Promise._settlePromiseFromHandler (http://dotcms-app:8080/__cypress/runner/cypress_runner.js:8700:31)\n    at Promise._settlePromise (http://dotcms-app:8080/__cypress/runner/cypress_runner.js:8757:18)\n    at Promise._settlePromise0 (http://dotcms-app:8080/__cypress/runner/cypress_runner.js:8802:10)\n    at Promise._settlePromises (http://dotcms-app:8080/__cypress/runner/cypress_runner.js:8882:18)\n    at Promise._fulfill (http://dotcms-app:8080/__cypress/runner/cypress_runner.js:8826:18)\n    at http://dotcms-app:8080/__cypress/runner/cypress_runner.js:10440:46\nFrom Your Spec Code:\n    at Context.eval (http://dotcms-app:8080/__cypress/tests?p=src/integration/DotTemplates/index.spec.ts:349:13)",
                "diff": null
              },
              "uuid": "f2c42721-bed5-406f-b81c-b59d3dbd2207",
              "parentUUID": "b61ba886-03c7-4e0e-9c8f-b4ad33864adf",
              "isHook": false,
              "skipped": false
            }
          ],
          "suites": [],
          "passes": [],
          "failures": [
            "f2c42721-bed5-406f-b81c-b59d3dbd2207"
          ],
          "pending": [],
          "skipped": [],
          "duration": 23026,
          "root": false,
          "rootEmpty": false,
          "_timeout": 2000
        }
      ],
      "passes": [],
      "failures": [],
      "pending": [],
      "skipped": [],
      "duration": 0,
      "root": true,
      "rootEmpty": true,
      "_timeout": 2000
    }
  ],
  "meta": {
    "mocha": {
      "version": "7.0.1"
    },
    "mochawesome": {
      "options": {
        "quiet": false,
        "reportFilename": "mochawesome",
        "saveHtml": false,
        "saveJson": true,
        "consoleReporter": "spec",
        "useInlineDiffs": false,
        "code": true
      },
      "version": "6.2.2"
    },
    "marge": {
      "options": {
        "reportDir": "../../dist/cypress/apps/dotcms-ui-e2e/reports/results",
        "html": false,
        "json": true,
        "overwrite": false
      },
      "version": "5.2.0"
    }
  }
}