{
  "stats": {
    "suites": 1,
    "tests": 1,
    "passes": 0,
    "pending": 0,
    "failures": 1,
    "start": "2021-06-07T14:53:54.360Z",
    "end": "2021-06-07T14:53:54.573Z",
    "duration": 213,
    "testsRegistered": 1,
    "passPercent": 0,
    "pendingPercent": 0,
    "other": 0,
    "hasOther": false,
    "skipped": 0,
    "hasSkipped": false
  },
  "results": [
    {
      "uuid": "2ee5a5d8-564f-4766-921d-a3e68d8d1b52",
      "title": "",
      "fullFile": "src/integration/test/index2.spec.ts",
      "file": "src/integration/test/index2.spec.ts",
      "beforeHooks": [],
      "afterHooks": [],
      "tests": [],
      "suites": [
        {
          "uuid": "de3a724e-c881-4fe9-8bb5-c1ce80504320",
          "title": "My First Test",
          "fullFile": "",
          "file": "",
          "beforeHooks": [],
          "afterHooks": [],
          "tests": [
            {
              "title": "Does not do much!",
              "fullTitle": "My First Test Does not do much!",
              "timedOut": null,
              "duration": 190,
              "state": "failed",
              "speed": null,
              "pass": false,
              "fail": true,
              "pending": false,
              "context": "[\n  \"../screenshots/test/index2.spec.ts/My First Test -- Does not do much! (failed).png\",\n  \"../videos/test/index2.spec.ts.mp4\"\n]",
              "code": "expect(true).to.equal(false);",
              "err": {
                "message": "AssertionError: expected true to equal false",
                "estack": "AssertionError: expected true to equal false\n    at Context.eval (http://dotcms-app:8080/__cypress/tests?p=src/integration/test/index2.spec.ts:100:25)",
                "diff": null
              },
              "uuid": "068a5e05-d71c-4888-9f11-9eca215d1ecf",
              "parentUUID": "de3a724e-c881-4fe9-8bb5-c1ce80504320",
              "isHook": false,
              "skipped": false
            }
          ],
          "suites": [],
          "passes": [],
          "failures": [
            "068a5e05-d71c-4888-9f11-9eca215d1ecf"
          ],
          "pending": [],
          "skipped": [],
          "duration": 190,
          "root": false,
          "rootEmpty": false,
          "_timeout": 2000
        }
      ],
      "passes": [],
      "failures": [],
      "pending": [],
      "skipped": [],
      "duration": 0,
      "root": true,
      "rootEmpty": true,
      "_timeout": 2000
    }
  ],
  "meta": {
    "mocha": {
      "version": "7.0.1"
    },
    "mochawesome": {
      "options": {
        "quiet": false,
        "reportFilename": "mochawesome",
        "saveHtml": false,
        "saveJson": true,
        "consoleReporter": "spec",
        "useInlineDiffs": false,
        "code": true
      },
      "version": "6.2.2"
    },
    "marge": {
      "options": {
        "reportDir": "../../dist/cypress/apps/dotcms-ui-e2e/reports/results",
        "html": false,
        "json": true,
        "overwrite": false
      },
      "version": "5.2.0"
    }
  }
}