{
  "stats": {
    "suites": 4,
    "tests": 4,
    "passes": 2,
    "pending": 0,
    "failures": 2,
    "start": "2021-06-07T14:52:15.880Z",
    "end": "2021-06-07T14:53:54.573Z",
    "duration": 64153,
    "testsRegistered": 4,
    "passPercent": 50,
    "pendingPercent": 0,
    "other": 0,
    "hasOther": false,
    "skipped": 0,
    "hasSkipped": false
  },
  "results": [
    {
      "uuid": "ddcea58e-3579-4826-b2c2-a0b17ddb91c3",
      "title": "",
      "fullFile": "src/integration/DotTemplates/index.spec.ts",
      "file": "src/integration/DotTemplates/index.spec.ts",
      "beforeHooks": [],
      "afterHooks": [],
      "tests": [],
      "suites": [
        {
          "uuid": "ff905637-13c3-4325-b732-0d3d3347391a",
          "title": "Templates",
          "fullFile": "",
          "file": "",
          "beforeHooks": [],
          "afterHooks": [],
          "tests": [
            {
              "title": "Create Template and create Page with content using previous template",
              "fullTitle": "Templates Create Template and create Page with content using previous template",
              "timedOut": null,
              "duration": 47468,
              "state": "failed",
              "speed": null,
              "pass": false,
              "fail": true,
              "pending": false,
              "context": "[\n  \"../screenshots/DotTemplates/index.spec.ts/Templates -- Create Template and create Page with content using previous template (failed).png\",\n  \"../videos/DotTemplates/index.spec.ts.mp4\"\n]",
              "code": "// Load Page\npages_DotTemplates_DotTemplates.openPage();\npages_DotTemplates_DotTemplates.checkTemplatesPageLoaded();\n// Create Template\npages_DotTemplates_DotTemplates.openCreateTemplateDialog();\npages_DotTemplates_DotTemplates.fillCreateTemplateForm({ title: 'CypressTemplate', theme: 'default' });\npages_DotTemplates_DotTemplates.submitCreateTemplateForm();\n// Edit Template\npages_DotTemplates_DotTemplates.checkEditTemplatesPageLoaded();\npages_DotTemplates_DotTemplates.addContainer({ type: 'Default - default' });\npages_DotTemplates_DotTemplates.saveEditTemplate();\n// Site Browser\ncy.log('Opening DotSiteBrowser');\npages_DotSiteBrowser_DotSiteBrowser.openPage();\npages_DotSiteBrowser_DotSiteBrowser.checkSiteBrowserPageLoaded();\npages_DotSiteBrowser_DotSiteBrowser.openCreatePageDialog({ type: 'Page' });\npages_DotSiteBrowser_DotSiteBrowser.fillCreatePageForm({\n    title: PAGE_NAME,\n    template: 'CypressTemplatedefault'\n});\npages_DotSiteBrowser_DotSiteBrowser.submitCreatePageForm({ action: 'Save' });\nDotSiteBrowser_DotEditPage.goToMode({ type: 'Edit' });\nDotSiteBrowser_DotEditPage.openAddToContainerDialog({ type: 'Content' });\nDotSiteBrowser_DotEditPage.addElementToContainer({ elementIndex: 0 });\nDotSiteBrowser_DotEditPage.checkToastMessage({ message: 'All changes Saved' });\nDotSiteBrowser_DotEditPage.goToMode({ type: 'Preview' });\nDotSiteBrowser_DotEditPage.checkContainerMustHaveElements({ container: '#section-1', size: 1 });",
              "err": {
                "message": "AssertionError: Timed out retrying after 4000ms: Expected to find content: 'Show Archived' within the element: <p-checkbox> but never did.",
                "estack": "AssertionError: Timed out retrying after 4000ms: Expected to find content: 'Show Archived' within the element: <p-checkbox> but never did.\n    at Function.assertElementContainsText (http://dotcms-app:8080/__cypress/tests?p=src/integration/DotTemplates/index.spec.ts:378:53)\n    at Function.checkTemplatesPageLoaded (http://dotcms-app:8080/__cypress/tests?p=src/integration/DotTemplates/index.spec.ts:540:21)\n    at Context.eval (http://dotcms-app:8080/__cypress/tests?p=src/integration/DotTemplates/index.spec.ts:622:41)",
                "diff": null
              },
              "uuid": "ba5b6958-4be5-4b11-b27f-dd671a1a9804",
              "parentUUID": "ff905637-13c3-4325-b732-0d3d3347391a",
              "isHook": false,
              "skipped": false
            }
          ],
          "suites": [],
          "passes": [],
          "failures": [
            "ba5b6958-4be5-4b11-b27f-dd671a1a9804"
          ],
          "pending": [],
          "skipped": [],
          "duration": 47468,
          "root": false,
          "rootEmpty": false,
          "_timeout": 2000
        }
      ],
      "passes": [],
      "failures": [],
      "pending": [],
      "skipped": [],
      "duration": 0,
      "root": true,
      "rootEmpty": true,
      "_timeout": 2000
    },
    {
      "uuid": "b784de0f-0a7c-4dbd-ae5c-3deba25593ec",
      "title": "",
      "fullFile": "src/integration/DotTemplates/index2.spec.ts",
      "file": "src/integration/DotTemplates/index2.spec.ts",
      "beforeHooks": [],
      "afterHooks": [],
      "tests": [],
      "suites": [
        {
          "uuid": "32b7e649-d68b-4604-93e7-d85bcc57b3f9",
          "title": "Test",
          "fullFile": "",
          "file": "",
          "beforeHooks": [],
          "afterHooks": [],
          "tests": [
            {
              "title": "lgin page",
              "fullTitle": "Test lgin page",
              "timedOut": null,
              "duration": 16451,
              "state": "passed",
              "speed": "slow",
              "pass": true,
              "fail": false,
              "pending": false,
              "context": null,
              "code": "cy.visit('/dotAdmin');\ncy.wait(10000);\nshared_Form.fill('#inputtext', 'cypress Admin');\ncy.wait(5000);\nshared_Form.fill('input[type=\"password\"]', 'cypressPassw');",
              "err": {},
              "uuid": "9debeebb-1e68-4132-8d82-20b06ba604e6",
              "parentUUID": "32b7e649-d68b-4604-93e7-d85bcc57b3f9",
              "isHook": false,
              "skipped": false
            }
          ],
          "suites": [],
          "passes": [
            "9debeebb-1e68-4132-8d82-20b06ba604e6"
          ],
          "failures": [],
          "pending": [],
          "skipped": [],
          "duration": 16451,
          "root": false,
          "rootEmpty": false,
          "_timeout": 2000
        }
      ],
      "passes": [],
      "failures": [],
      "pending": [],
      "skipped": [],
      "duration": 0,
      "root": true,
      "rootEmpty": true,
      "_timeout": 2000
    },
    {
      "uuid": "8829b604-2b2a-43a3-810b-1ca3aea8581b",
      "title": "",
      "fullFile": "src/integration/test/index.spec.ts",
      "file": "src/integration/test/index.spec.ts",
      "beforeHooks": [],
      "afterHooks": [],
      "tests": [],
      "suites": [
        {
          "uuid": "026e5f60-cebd-4819-85d3-e8040d5e9a54",
          "title": "My First Test",
          "fullFile": "",
          "file": "",
          "beforeHooks": [],
          "afterHooks": [],
          "tests": [
            {
              "title": "Does not do much!",
              "fullTitle": "My First Test Does not do much!",
              "timedOut": null,
              "duration": 44,
              "state": "passed",
              "speed": "medium",
              "pass": true,
              "fail": false,
              "pending": false,
              "context": null,
              "code": "expect(true).to.equal(true);",
              "err": {},
              "uuid": "427ddcef-72db-490b-96e5-ded097d2648d",
              "parentUUID": "026e5f60-cebd-4819-85d3-e8040d5e9a54",
              "isHook": false,
              "skipped": false
            }
          ],
          "suites": [],
          "passes": [
            "427ddcef-72db-490b-96e5-ded097d2648d"
          ],
          "failures": [],
          "pending": [],
          "skipped": [],
          "duration": 44,
          "root": false,
          "rootEmpty": false,
          "_timeout": 2000
        }
      ],
      "passes": [],
      "failures": [],
      "pending": [],
      "skipped": [],
      "duration": 0,
      "root": true,
      "rootEmpty": true,
      "_timeout": 2000
    },
    {
      "uuid": "2ee5a5d8-564f-4766-921d-a3e68d8d1b52",
      "title": "",
      "fullFile": "src/integration/test/index2.spec.ts",
      "file": "src/integration/test/index2.spec.ts",
      "beforeHooks": [],
      "afterHooks": [],
      "tests": [],
      "suites": [
        {
          "uuid": "de3a724e-c881-4fe9-8bb5-c1ce80504320",
          "title": "My First Test",
          "fullFile": "",
          "file": "",
          "beforeHooks": [],
          "afterHooks": [],
          "tests": [
            {
              "title": "Does not do much!",
              "fullTitle": "My First Test Does not do much!",
              "timedOut": null,
              "duration": 190,
              "state": "failed",
              "speed": null,
              "pass": false,
              "fail": true,
              "pending": false,
              "context": "[\n  \"../screenshots/test/index2.spec.ts/My First Test -- Does not do much! (failed).png\",\n  \"../videos/test/index2.spec.ts.mp4\"\n]",
              "code": "expect(true).to.equal(false);",
              "err": {
                "message": "AssertionError: expected true to equal false",
                "estack": "AssertionError: expected true to equal false\n    at Context.eval (http://dotcms-app:8080/__cypress/tests?p=src/integration/test/index2.spec.ts:100:25)",
                "diff": null
              },
              "uuid": "068a5e05-d71c-4888-9f11-9eca215d1ecf",
              "parentUUID": "de3a724e-c881-4fe9-8bb5-c1ce80504320",
              "isHook": false,
              "skipped": false
            }
          ],
          "suites": [],
          "passes": [],
          "failures": [
            "068a5e05-d71c-4888-9f11-9eca215d1ecf"
          ],
          "pending": [],
          "skipped": [],
          "duration": 190,
          "root": false,
          "rootEmpty": false,
          "_timeout": 2000
        }
      ],
      "passes": [],
      "failures": [],
      "pending": [],
      "skipped": [],
      "duration": 0,
      "root": true,
      "rootEmpty": true,
      "_timeout": 2000
    }
  ],
  "meta": {
    "mocha": {
      "version": "7.0.1"
    },
    "mochawesome": {
      "options": {
        "quiet": false,
        "reportFilename": "mochawesome",
        "saveHtml": false,
        "saveJson": true,
        "consoleReporter": "spec",
        "useInlineDiffs": false,
        "code": true
      },
      "version": "6.2.2"
    },
    "marge": {
      "options": {
        "reportDir": "../../dist/cypress/apps/dotcms-ui-e2e/reports/results",
        "html": false,
        "json": true,
        "overwrite": false
      },
      "version": "5.2.0"
    }
  }
}